<?xml version="1.0" encoding="UTF-8"?>
<testsuite xmlns:xsi="http://www.w3.org/2001/XMLSchema-instance" xsi:noNamespaceSchemaLocation="https://maven.apache.org/surefire/maven-surefire-plugin/xsd/surefire-test-report-3.0.xsd" version="3.0" name="edu.unisabana.tdd.AppTest" time="0.127" tests="5" errors="0" skipped="0" failures="0">
  <properties>
[...]
</properties>
  <testcase name="crearInventario" classname="edu.unisabana.tdd.AppTest" time="0.078"/>
  <testcase name="crearInventarioConConstructor" classname="edu.unisabana.tdd.AppTest" time="0.002"/>
  <testcase name="removerProductoDeInventario" classname="edu.unisabana.tdd.AppTest" time="0.002"/>
  <testcase name="crearProducto" classname="edu.unisabana.tdd.AppTest" time="0.001"/>
  <testcase name="crearProductoConConstructor" classname="edu.unisabana.tdd.AppTest" time="0.001"/>
</testsuite>